{"/Volumes/ExternalSSD/Code/GitHub/git-all/src/lib/app-metadata.ts": {"path":"/Volumes/ExternalSSD/Code/GitHub/git-all/src/lib/app-metadata.ts","statementMap":{"0":{"start":{"line":3,"column":24},"end":{"line":3,"column":null}},"1":{"start":{"line":4,"column":27},"end":{"line":4,"column":null}},"2":{"start":{"line":5,"column":30},"end":{"line":5,"column":null}}},"fnMap":{},"branchMap":{},"s":{"0":0,"1":0,"2":0},"f":{},"b":{},"meta":{"lastBranch":0,"lastFunction":0,"lastStatement":3,"seen":{"s:3:24:3:Infinity":0,"s:4:27:4:Infinity":1,"s:5:30:5:Infinity":2}}}
,"/Volumes/ExternalSSD/Code/GitHub/git-all/src/lib/auth-session.ts": {"path":"/Volumes/ExternalSSD/Code/GitHub/git-all/src/lib/auth-session.ts","statementMap":{"0":{"start":{"line":3,"column":24},"end":{"line":3,"column":null}},"1":{"start":{"line":4,"column":28},"end":{"line":4,"column":null}},"2":{"start":{"line":5,"column":26},"end":{"line":5,"column":null}},"3":{"start":{"line":6,"column":32},"end":{"line":6,"column":null}},"4":{"start":{"line":7,"column":30},"end":{"line":7,"column":null}},"5":{"start":{"line":10,"column":19},"end":{"line":10,"column":null}},"6":{"start":{"line":35,"column":15},"end":{"line":35,"column":null}},"7":{"start":{"line":36,"column":2},"end":{"line":38,"column":null}},"8":{"start":{"line":37,"column":4},"end":{"line":37,"column":null}},"9":{"start":{"line":39,"column":2},"end":{"line":42,"column":null}},"10":{"start":{"line":46,"column":17},"end":{"line":46,"column":null}},"11":{"start":{"line":47,"column":8},"end":{"line":47,"column":null}},"12":{"start":{"line":48,"column":2},"end":{"line":50,"column":null}},"13":{"start":{"line":49,"column":4},"end":{"line":49,"column":null}},"14":{"start":{"line":52,"column":17},"end":{"line":52,"column":null}},"15":{"start":{"line":53,"column":17},"end":{"line":53,"column":null}},"16":{"start":{"line":54,"column":16},"end":{"line":54,"column":null}},"17":{"start":{"line":55,"column":2},"end":{"line":57,"column":null}},"18":{"start":{"line":55,"column":15},"end":{"line":55,"column":18}},"19":{"start":{"line":56,"column":4},"end":{"line":56,"column":null}},"20":{"start":{"line":58,"column":2},"end":{"line":58,"column":null}},"21":{"start":{"line":64,"column":2},"end":{"line":66,"column":null}},"22":{"start":{"line":70,"column":16},"end":{"line":70,"column":null}},"23":{"start":{"line":71,"column":2},"end":{"line":71,"column":null}},"24":{"start":{"line":72,"column":2},"end":{"line":72,"column":null}},"25":{"start":{"line":78,"column":17},"end":{"line":78,"column":null}},"26":{"start":{"line":79,"column":2},"end":{"line":81,"column":null}},"27":{"start":{"line":80,"column":4},"end":{"line":80,"column":null}},"28":{"start":{"line":83,"column":18},"end":{"line":83,"column":null}},"29":{"start":{"line":84,"column":15},"end":{"line":84,"column":null}},"30":{"start":{"line":86,"column":2},"end":{"line":89,"column":null}},"31":{"start":{"line":97,"column":14},"end":{"line":97,"column":null}},"32":{"start":{"line":98,"column":2},"end":{"line":100,"column":null}},"33":{"start":{"line":99,"column":4},"end":{"line":99,"column":null}},"34":{"start":{"line":102,"column":13},"end":{"line":102,"column":null}},"35":{"start":{"line":103,"column":2},"end":{"line":103,"column":null}},"36":{"start":{"line":108,"column":37},"end":{"line":113,"column":null}},"37":{"start":{"line":115,"column":20},"end":{"line":115,"column":null}},"38":{"start":{"line":118,"column":19},"end":{"line":120,"column":null}},"39":{"start":{"line":122,"column":20},"end":{"line":122,"column":null}},"40":{"start":{"line":123,"column":14},"end":{"line":123,"column":null}},"41":{"start":{"line":125,"column":2},"end":{"line":125,"column":null}},"42":{"start":{"line":131,"column":2},"end":{"line":133,"column":null}},"43":{"start":{"line":132,"column":4},"end":{"line":132,"column":null}},"44":{"start":{"line":135,"column":14},"end":{"line":135,"column":null}},"45":{"start":{"line":136,"column":2},"end":{"line":138,"column":null}},"46":{"start":{"line":137,"column":4},"end":{"line":137,"column":null}},"47":{"start":{"line":140,"column":16},"end":{"line":140,"column":null}},"48":{"start":{"line":141,"column":2},"end":{"line":143,"column":null}},"49":{"start":{"line":142,"column":4},"end":{"line":142,"column":null}},"50":{"start":{"line":145,"column":43},"end":{"line":145,"column":null}},"51":{"start":{"line":147,"column":2},"end":{"line":180,"column":null}},"52":{"start":{"line":148,"column":15},"end":{"line":148,"column":null}},"53":{"start":{"line":149,"column":16},"end":{"line":149,"column":null}},"54":{"start":{"line":150,"column":22},"end":{"line":150,"column":null}},"55":{"start":{"line":153,"column":21},"end":{"line":153,"column":null}},"56":{"start":{"line":154,"column":4},"end":{"line":154,"column":null}},"57":{"start":{"line":155,"column":4},"end":{"line":155,"column":null}},"58":{"start":{"line":157,"column":22},"end":{"line":161,"column":null}},"59":{"start":{"line":163,"column":20},"end":{"line":165,"column":null}},"60":{"start":{"line":167,"column":4},"end":{"line":175,"column":null}},"61":{"start":{"line":174,"column":6},"end":{"line":174,"column":null}},"62":{"start":{"line":177,"column":4},"end":{"line":177,"column":null}},"63":{"start":{"line":179,"column":4},"end":{"line":179,"column":null}},"64":{"start":{"line":186,"column":2},"end":{"line":186,"column":null}}},"fnMap":{"0":{"name":"toBase64Url","decl":{"start":{"line":34,"column":9},"end":{"line":34,"column":21}},"loc":{"start":{"line":34,"column":48},"end":{"line":43,"column":null}},"line":34},"1":{"name":"fromBase64Url","decl":{"start":{"line":45,"column":9},"end":{"line":45,"column":23}},"loc":{"start":{"line":45,"column":61},"end":{"line":59,"column":null}},"line":45},"2":{"name":"hasGithubOAuthConfig","decl":{"start":{"line":63,"column":16},"end":{"line":63,"column":39}},"loc":{"start":{"line":63,"column":39},"end":{"line":67,"column":null}},"line":63},"3":{"name":"createOAuthState","decl":{"start":{"line":69,"column":16},"end":{"line":69,"column":35}},"loc":{"start":{"line":69,"column":35},"end":{"line":73,"column":null}},"line":69},"4":{"name":"getSessionKey","decl":{"start":{"line":77,"column":15},"end":{"line":77,"column":58}},"loc":{"start":{"line":77,"column":58},"end":{"line":90,"column":null}},"line":77},"5":{"name":"encodeAuthSession","decl":{"start":{"line":94,"column":22},"end":{"line":94,"column":null}},"loc":{"start":{"line":96,"column":26},"end":{"line":126,"column":null}},"line":96},"6":{"name":"decodeAuthSession","decl":{"start":{"line":128,"column":22},"end":{"line":128,"column":null}},"loc":{"start":{"line":130,"column":31},"end":{"line":181,"column":null}},"line":130},"7":{"name":"getAuthSessionFromRequest","decl":{"start":{"line":183,"column":22},"end":{"line":183,"column":null}},"loc":{"start":{"line":185,"column":31},"end":{"line":187,"column":null}},"line":185}},"branchMap":{"0":{"loc":{"start":{"line":48,"column":2},"end":{"line":50,"column":null}},"type":"if","locations":[{"start":{"line":48,"column":2},"end":{"line":50,"column":null}},{"start":{},"end":{}}],"line":48},"1":{"loc":{"start":{"line":65,"column":4},"end":{"line":65,"column":null}},"type":"binary-expr","locations":[{"start":{"line":65,"column":4},"end":{"line":65,"column":36}},{"start":{"line":65,"column":36},"end":{"line":65,"column":null}}],"line":65},"2":{"loc":{"start":{"line":79,"column":2},"end":{"line":81,"column":null}},"type":"if","locations":[{"start":{"line":79,"column":2},"end":{"line":81,"column":null}},{"start":{},"end":{}}],"line":79},"3":{"loc":{"start":{"line":98,"column":2},"end":{"line":100,"column":null}},"type":"if","locations":[{"start":{"line":98,"column":2},"end":{"line":100,"column":null}},{"start":{},"end":{}}],"line":98},"4":{"loc":{"start":{"line":131,"column":2},"end":{"line":133,"column":null}},"type":"if","locations":[{"start":{"line":131,"column":2},"end":{"line":133,"column":null}},{"start":{},"end":{}}],"line":131},"5":{"loc":{"start":{"line":136,"column":2},"end":{"line":138,"column":null}},"type":"if","locations":[{"start":{"line":136,"column":2},"end":{"line":138,"column":null}},{"start":{},"end":{}}],"line":136},"6":{"loc":{"start":{"line":141,"column":2},"end":{"line":143,"column":null}},"type":"if","locations":[{"start":{"line":141,"column":2},"end":{"line":143,"column":null}},{"start":{},"end":{}}],"line":141},"7":{"loc":{"start":{"line":167,"column":4},"end":{"line":175,"column":null}},"type":"if","locations":[{"start":{"line":167,"column":4},"end":{"line":175,"column":null}},{"start":{},"end":{}}],"line":167},"8":{"loc":{"start":{"line":168,"column":6},"end":{"line":172,"column":null}},"type":"binary-expr","locations":[{"start":{"line":168,"column":6},"end":{"line":168,"column":null}},{"start":{"line":169,"column":6},"end":{"line":169,"column":null}},{"start":{"line":170,"column":6},"end":{"line":170,"column":null}},{"start":{"line":171,"column":6},"end":{"line":171,"column":null}},{"start":{"line":172,"column":6},"end":{"line":172,"column":null}}],"line":168}},"s":{"0":1,"1":1,"2":1,"3":1,"4":1,"5":1,"6":20,"7":20,"8":1010,"9":20,"10":6,"11":6,"12":6,"13":0,"14":6,"15":6,"16":6,"17":6,"18":6,"19":372,"20":6,"21":4,"22":5,"23":5,"24":5,"25":11,"26":11,"27":2,"28":9,"29":9,"30":9,"31":6,"32":6,"33":1,"34":5,"35":5,"36":5,"37":5,"38":5,"39":5,"40":5,"41":5,"42":7,"43":2,"44":5,"45":5,"46":1,"47":4,"48":4,"49":2,"50":2,"51":2,"52":2,"53":2,"54":2,"55":2,"56":2,"57":2,"58":2,"59":1,"60":1,"61":0,"62":1,"63":1,"64":0},"f":{"0":20,"1":6,"2":4,"3":5,"4":11,"5":6,"6":7,"7":0},"b":{"0":[0,6],"1":[4,2],"2":[2,9],"3":[1,5],"4":[2,5],"5":[1,4],"6":[2,2],"7":[0,1],"8":[1,1,1,1,1]},"meta":{"lastBranch":9,"lastFunction":8,"lastStatement":65,"seen":{"s:3:24:3:Infinity":0,"s:4:28:4:Infinity":1,"s:5:26:5:Infinity":2,"s:6:32:6:Infinity":3,"s:7:30:7:Infinity":4,"s:10:19:10:Infinity":5,"f:34:9:34:21":0,"s:35:15:35:Infinity":6,"s:36:2:38:Infinity":7,"s:37:4:37:Infinity":8,"s:39:2:42:Infinity":9,"f:45:9:45:23":1,"s:46:17:46:Infinity":10,"s:47:8:47:Infinity":11,"b:48:2:50:Infinity:undefined:undefined:undefined:undefined":0,"s:48:2:50:Infinity":12,"s:49:4:49:Infinity":13,"s:52:17:52:Infinity":14,"s:53:17:53:Infinity":15,"s:54:16:54:Infinity":16,"s:55:2:57:Infinity":17,"s:55:15:55:18":18,"s:56:4:56:Infinity":19,"s:58:2:58:Infinity":20,"f:63:16:63:39":2,"s:64:2:66:Infinity":21,"b:65:4:65:36:65:36:65:Infinity":1,"f:69:16:69:35":3,"s:70:16:70:Infinity":22,"s:71:2:71:Infinity":23,"s:72:2:72:Infinity":24,"f:77:15:77:58":4,"s:78:17:78:Infinity":25,"b:79:2:81:Infinity:undefined:undefined:undefined:undefined":2,"s:79:2:81:Infinity":26,"s:80:4:80:Infinity":27,"s:83:18:83:Infinity":28,"s:84:15:84:Infinity":29,"s:86:2:89:Infinity":30,"f:94:22:94:Infinity":5,"s:97:14:97:Infinity":31,"b:98:2:100:Infinity:undefined:undefined:undefined:undefined":3,"s:98:2:100:Infinity":32,"s:99:4:99:Infinity":33,"s:102:13:102:Infinity":34,"s:103:2:103:Infinity":35,"s:108:37:113:Infinity":36,"s:115:20:115:Infinity":37,"s:118:19:120:Infinity":38,"s:122:20:122:Infinity":39,"s:123:14:123:Infinity":40,"s:125:2:125:Infinity":41,"f:128:22:128:Infinity":6,"b:131:2:133:Infinity:undefined:undefined:undefined:undefined":4,"s:131:2:133:Infinity":42,"s:132:4:132:Infinity":43,"s:135:14:135:Infinity":44,"b:136:2:138:Infinity:undefined:undefined:undefined:undefined":5,"s:136:2:138:Infinity":45,"s:137:4:137:Infinity":46,"s:140:16:140:Infinity":47,"b:141:2:143:Infinity:undefined:undefined:undefined:undefined":6,"s:141:2:143:Infinity":48,"s:142:4:142:Infinity":49,"s:145:43:145:Infinity":50,"s:147:2:180:Infinity":51,"s:148:15:148:Infinity":52,"s:149:16:149:Infinity":53,"s:150:22:150:Infinity":54,"s:153:21:153:Infinity":55,"s:154:4:154:Infinity":56,"s:155:4:155:Infinity":57,"s:157:22:161:Infinity":58,"s:163:20:165:Infinity":59,"b:167:4:175:Infinity:undefined:undefined:undefined:undefined":7,"s:167:4:175:Infinity":60,"b:168:6:168:Infinity:169:6:169:Infinity:170:6:170:Infinity:171:6:171:Infinity:172:6:172:Infinity":8,"s:174:6:174:Infinity":61,"s:177:4:177:Infinity":62,"s:179:4:179:Infinity":63,"f:183:22:183:Infinity":7,"s:186:2:186:Infinity":64}}}
,"/Volumes/ExternalSSD/Code/GitHub/git-all/src/lib/contribution-period.ts": {"path":"/Volumes/ExternalSSD/Code/GitHub/git-all/src/lib/contribution-period.ts","statementMap":{"0":{"start":{"line":22,"column":63},"end":{"line":22,"column":null}},"1":{"start":{"line":27,"column":5},"end":{"line":35,"column":null}},"2":{"start":{"line":44,"column":2},"end":{"line":44,"column":null}},"3":{"start":{"line":44,"column":54},"end":{"line":44,"column":76}},"4":{"start":{"line":48,"column":14},"end":{"line":48,"column":null}},"5":{"start":{"line":49,"column":2},"end":{"line":51,"column":null}},"6":{"start":{"line":55,"column":2},"end":{"line":55,"column":null}},"7":{"start":{"line":59,"column":2},"end":{"line":61,"column":null}},"8":{"start":{"line":60,"column":4},"end":{"line":60,"column":null}},"9":{"start":{"line":63,"column":29},"end":{"line":63,"column":null}},"10":{"start":{"line":64,"column":17},"end":{"line":64,"column":null}},"11":{"start":{"line":66,"column":2},"end":{"line":72,"column":null}},"12":{"start":{"line":71,"column":4},"end":{"line":71,"column":null}},"13":{"start":{"line":74,"column":2},"end":{"line":74,"column":null}},"14":{"start":{"line":78,"column":15},"end":{"line":78,"column":null}},"15":{"start":{"line":79,"column":2},"end":{"line":79,"column":null}},"16":{"start":{"line":80,"column":2},"end":{"line":80,"column":null}},"17":{"start":{"line":84,"column":2},"end":{"line":84,"column":null}},"18":{"start":{"line":88,"column":15},"end":{"line":88,"column":null}},"19":{"start":{"line":89,"column":16},"end":{"line":89,"column":null}},"20":{"start":{"line":90,"column":14},"end":{"line":90,"column":null}},"21":{"start":{"line":91,"column":15},"end":{"line":91,"column":null}},"22":{"start":{"line":92,"column":17},"end":{"line":92,"column":null}},"23":{"start":{"line":93,"column":2},"end":{"line":93,"column":null}},"24":{"start":{"line":94,"column":2},"end":{"line":94,"column":null}},"25":{"start":{"line":98,"column":15},"end":{"line":98,"column":null}},"26":{"start":{"line":99,"column":16},"end":{"line":99,"column":null}},"27":{"start":{"line":100,"column":14},"end":{"line":100,"column":null}},"28":{"start":{"line":101,"column":15},"end":{"line":101,"column":null}},"29":{"start":{"line":102,"column":17},"end":{"line":102,"column":null}},"30":{"start":{"line":103,"column":2},"end":{"line":103,"column":null}},"31":{"start":{"line":104,"column":2},"end":{"line":104,"column":null}},"32":{"start":{"line":113,"column":2},"end":{"line":150,"column":null}},"33":{"start":{"line":115,"column":6},"end":{"line":118,"column":null}},"34":{"start":{"line":120,"column":6},"end":{"line":123,"column":null}},"35":{"start":{"line":125,"column":6},"end":{"line":128,"column":null}},"36":{"start":{"line":130,"column":6},"end":{"line":134,"column":null}},"37":{"start":{"line":136,"column":23},"end":{"line":136,"column":null}},"38":{"start":{"line":137,"column":6},"end":{"line":140,"column":null}},"39":{"start":{"line":143,"column":6},"end":{"line":143,"column":null}},"40":{"start":{"line":146,"column":6},"end":{"line":149,"column":null}},"41":{"start":{"line":157,"column":19},"end":{"line":157,"column":null}},"42":{"start":{"line":158,"column":17},"end":{"line":158,"column":null}},"43":{"start":{"line":160,"column":2},"end":{"line":162,"column":null}},"44":{"start":{"line":161,"column":4},"end":{"line":161,"column":null}},"45":{"start":{"line":164,"column":2},"end":{"line":167,"column":null}},"46":{"start":{"line":179,"column":2},"end":{"line":181,"column":null}},"47":{"start":{"line":180,"column":4},"end":{"line":180,"column":null}},"48":{"start":{"line":183,"column":16},"end":{"line":183,"column":null}},"49":{"start":{"line":184,"column":2},"end":{"line":186,"column":null}},"50":{"start":{"line":185,"column":4},"end":{"line":185,"column":null}},"51":{"start":{"line":188,"column":2},"end":{"line":190,"column":null}},"52":{"start":{"line":189,"column":4},"end":{"line":189,"column":null}},"53":{"start":{"line":192,"column":2},"end":{"line":192,"column":null}},"54":{"start":{"line":196,"column":19},"end":{"line":196,"column":null}},"55":{"start":{"line":197,"column":17},"end":{"line":197,"column":null}},"56":{"start":{"line":199,"column":2},"end":{"line":201,"column":null}},"57":{"start":{"line":200,"column":4},"end":{"line":200,"column":null}},"58":{"start":{"line":203,"column":2},"end":{"line":203,"column":null}},"59":{"start":{"line":209,"column":22},"end":{"line":212,"column":null}},"60":{"start":{"line":214,"column":2},"end":{"line":220,"column":null}},"61":{"start":{"line":215,"column":4},"end":{"line":219,"column":null}},"62":{"start":{"line":222,"column":20},"end":{"line":222,"column":null}},"63":{"start":{"line":223,"column":2},"end":{"line":229,"column":null}},"64":{"start":{"line":224,"column":4},"end":{"line":228,"column":null}},"65":{"start":{"line":231,"column":2},"end":{"line":235,"column":null}},"66":{"start":{"line":239,"column":2},"end":{"line":239,"column":null}},"67":{"start":{"line":250,"column":21},"end":{"line":250,"column":null}},"68":{"start":{"line":251,"column":2},"end":{"line":251,"column":null}},"69":{"start":{"line":252,"column":2},"end":{"line":252,"column":null}}},"fnMap":{"0":{"name":"isContributionPeriod","decl":{"start":{"line":41,"column":16},"end":{"line":41,"column":null}},"loc":{"start":{"line":43,"column":31},"end":{"line":45,"column":null}},"line":43},"1":{"name":"(anonymous_1)","decl":{"start":{"line":44,"column":37},"end":{"line":44,"column":43}},"loc":{"start":{"line":44,"column":54},"end":{"line":44,"column":76}},"line":44},"2":{"name":"getTodayUtc","decl":{"start":{"line":47,"column":16},"end":{"line":47,"column":30}},"loc":{"start":{"line":47,"column":30},"end":{"line":52,"column":null}},"line":47},"3":{"name":"formatUtcDate","decl":{"start":{"line":54,"column":16},"end":{"line":54,"column":30}},"loc":{"start":{"line":54,"column":42},"end":{"line":56,"column":null}},"line":54},"4":{"name":"parseDateInput","decl":{"start":{"line":58,"column":16},"end":{"line":58,"column":31}},"loc":{"start":{"line":58,"column":66},"end":{"line":75,"column":null}},"line":58},"5":{"name":"addUtcDays","decl":{"start":{"line":77,"column":9},"end":{"line":77,"column":20}},"loc":{"start":{"line":77,"column":48},"end":{"line":81,"column":null}},"line":77},"6":{"name":"getDaysInUtcMonth","decl":{"start":{"line":83,"column":9},"end":{"line":83,"column":27}},"loc":{"start":{"line":83,"column":56},"end":{"line":85,"column":null}},"line":83},"7":{"name":"addUtcMonths","decl":{"start":{"line":87,"column":9},"end":{"line":87,"column":22}},"loc":{"start":{"line":87,"column":50},"end":{"line":95,"column":null}},"line":87},"8":{"name":"addUtcYears","decl":{"start":{"line":97,"column":9},"end":{"line":97,"column":21}},"loc":{"start":{"line":97,"column":49},"end":{"line":105,"column":null}},"line":97},"9":{"name":"getContributionDateRange","decl":{"start":{"line":107,"column":16},"end":{"line":107,"column":null}},"loc":{"start":{"line":110,"column":25},"end":{"line":151,"column":null}},"line":110},"10":{"name":"normalizeCustomDateRange","decl":{"start":{"line":153,"column":16},"end":{"line":153,"column":null}},"loc":{"start":{"line":156,"column":32},"end":{"line":168,"column":null}},"line":156},"11":{"name":"normalizeRequestedContributionRange","decl":{"start":{"line":170,"column":16},"end":{"line":170,"column":null}},"loc":{"start":{"line":178,"column":45},"end":{"line":193,"column":null}},"line":178},"12":{"name":"isRangeWithinOneYear","decl":{"start":{"line":195,"column":16},"end":{"line":195,"column":37}},"loc":{"start":{"line":195,"column":67},"end":{"line":204,"column":null}},"line":195},"13":{"name":"getPeriodSelectionFromSearchParams","decl":{"start":{"line":206,"column":16},"end":{"line":206,"column":null}},"loc":{"start":{"line":208,"column":2},"end":{"line":236,"column":null}},"line":208},"14":{"name":"toStartOfDayIso","decl":{"start":{"line":238,"column":16},"end":{"line":238,"column":32}},"loc":{"start":{"line":238,"column":46},"end":{"line":240,"column":null}},"line":238},"15":{"name":"toExclusiveUpperBoundIso","decl":{"start":{"line":249,"column":16},"end":{"line":249,"column":41}},"loc":{"start":{"line":249,"column":55},"end":{"line":253,"column":null}},"line":249}},"branchMap":{"0":{"loc":{"start":{"line":59,"column":2},"end":{"line":61,"column":null}},"type":"if","locations":[{"start":{"line":59,"column":2},"end":{"line":61,"column":null}},{"start":{},"end":{}}],"line":59},"1":{"loc":{"start":{"line":59,"column":6},"end":{"line":59,"column":52}},"type":"binary-expr","locations":[{"start":{"line":59,"column":6},"end":{"line":59,"column":16}},{"start":{"line":59,"column":16},"end":{"line":59,"column":52}}],"line":59},"2":{"loc":{"start":{"line":66,"column":2},"end":{"line":72,"column":null}},"type":"if","locations":[{"start":{"line":66,"column":2},"end":{"line":72,"column":null}},{"start":{},"end":{}}],"line":66},"3":{"loc":{"start":{"line":67,"column":4},"end":{"line":69,"column":null}},"type":"binary-expr","locations":[{"start":{"line":67,"column":4},"end":{"line":67,"column":null}},{"start":{"line":68,"column":4},"end":{"line":68,"column":null}},{"start":{"line":69,"column":4},"end":{"line":69,"column":null}}],"line":67},"4":{"loc":{"start":{"line":109,"column":2},"end":{"line":109,"column":null}},"type":"default-arg","locations":[{"start":{"line":109,"column":10},"end":{"line":109,"column":null}}],"line":109},"5":{"loc":{"start":{"line":113,"column":2},"end":{"line":150,"column":null}},"type":"switch","locations":[{"start":{"line":114,"column":4},"end":{"line":118,"column":null}},{"start":{"line":119,"column":4},"end":{"line":123,"column":null}},{"start":{"line":124,"column":4},"end":{"line":128,"column":null}},{"start":{"line":129,"column":4},"end":{"line":134,"column":null}},{"start":{"line":135,"column":4},"end":{"line":141,"column":null}},{"start":{"line":142,"column":4},"end":{"line":143,"column":null}},{"start":{"line":144,"column":4},"end":{"line":144,"column":null}},{"start":{"line":145,"column":4},"end":{"line":149,"column":null}}],"line":113},"6":{"loc":{"start":{"line":160,"column":2},"end":{"line":162,"column":null}},"type":"if","locations":[{"start":{"line":160,"column":2},"end":{"line":162,"column":null}},{"start":{},"end":{}}],"line":160},"7":{"loc":{"start":{"line":160,"column":6},"end":{"line":160,"column":49}},"type":"binary-expr","locations":[{"start":{"line":160,"column":6},"end":{"line":160,"column":19}},{"start":{"line":160,"column":19},"end":{"line":160,"column":30}},{"start":{"line":160,"column":30},"end":{"line":160,"column":49}}],"line":160},"8":{"loc":{"start":{"line":174,"column":4},"end":{"line":174,"column":null}},"type":"default-arg","locations":[{"start":{"line":174,"column":24},"end":{"line":174,"column":null}}],"line":174},"9":{"loc":{"start":{"line":175,"column":4},"end":{"line":175,"column":null}},"type":"default-arg","locations":[{"start":{"line":175,"column":25},"end":{"line":175,"column":null}}],"line":175},"10":{"loc":{"start":{"line":176,"column":4},"end":{"line":176,"column":null}},"type":"default-arg","locations":[{"start":{"line":176,"column":12},"end":{"line":176,"column":null}}],"line":176},"11":{"loc":{"start":{"line":179,"column":2},"end":{"line":181,"column":null}},"type":"if","locations":[{"start":{"line":179,"column":2},"end":{"line":181,"column":null}},{"start":{},"end":{}}],"line":179},"12":{"loc":{"start":{"line":179,"column":6},"end":{"line":179,"column":20}},"type":"binary-expr","locations":[{"start":{"line":179,"column":6},"end":{"line":179,"column":15}},{"start":{"line":179,"column":15},"end":{"line":179,"column":20}}],"line":179},"13":{"loc":{"start":{"line":184,"column":2},"end":{"line":186,"column":null}},"type":"if","locations":[{"start":{"line":184,"column":2},"end":{"line":186,"column":null}},{"start":{},"end":{}}],"line":184},"14":{"loc":{"start":{"line":188,"column":2},"end":{"line":190,"column":null}},"type":"if","locations":[{"start":{"line":188,"column":2},"end":{"line":190,"column":null}},{"start":{},"end":{}}],"line":188},"15":{"loc":{"start":{"line":199,"column":2},"end":{"line":201,"column":null}},"type":"if","locations":[{"start":{"line":199,"column":2},"end":{"line":201,"column":null}},{"start":{},"end":{}}],"line":199},"16":{"loc":{"start":{"line":199,"column":6},"end":{"line":199,"column":49}},"type":"binary-expr","locations":[{"start":{"line":199,"column":6},"end":{"line":199,"column":19}},{"start":{"line":199,"column":19},"end":{"line":199,"column":30}},{"start":{"line":199,"column":30},"end":{"line":199,"column":49}}],"line":199},"17":{"loc":{"start":{"line":214,"column":2},"end":{"line":220,"column":null}},"type":"if","locations":[{"start":{"line":214,"column":2},"end":{"line":220,"column":null}},{"start":{},"end":{}}],"line":214},"18":{"loc":{"start":{"line":223,"column":2},"end":{"line":229,"column":null}},"type":"if","locations":[{"start":{"line":223,"column":2},"end":{"line":229,"column":null}},{"start":{},"end":{}}],"line":223},"19":{"loc":{"start":{"line":223,"column":6},"end":{"line":223,"column":65}},"type":"binary-expr","locations":[{"start":{"line":223,"column":6},"end":{"line":223,"column":41}},{"start":{"line":223,"column":41},"end":{"line":223,"column":65}}],"line":223}},"s":{"0":1,"1":1,"2":15,"3":79,"4":3,"5":3,"6":33,"7":61,"8":22,"9":39,"10":39,"11":39,"12":4,"13":35,"14":3,"15":3,"16":3,"17":13,"18":4,"19":4,"20":4,"21":4,"22":4,"23":4,"24":4,"25":9,"26":9,"27":9,"28":9,"29":9,"30":9,"31":9,"32":10,"33":1,"34":2,"35":2,"36":1,"37":1,"38":1,"39":1,"40":2,"41":17,"42":17,"43":17,"44":11,"45":6,"46":6,"47":1,"48":5,"49":5,"50":2,"51":3,"52":2,"53":1,"54":8,"55":8,"56":8,"57":1,"58":7,"59":5,"60":5,"61":1,"62":4,"63":4,"64":1,"65":3,"66":1,"67":4,"68":4,"69":4},"f":{"0":15,"1":79,"2":3,"3":33,"4":61,"5":3,"6":13,"7":4,"8":9,"9":10,"10":17,"11":6,"12":8,"13":5,"14":1,"15":4},"b":{"0":[22,39],"1":[61,47],"2":[4,35],"3":[39,37,35],"4":[10],"5":[1,2,2,1,1,1,2,2],"6":[11,6],"7":[17,9,7],"8":[6],"9":[6],"10":[6],"11":[1,5],"12":[6,1],"13":[2,3],"14":[2,1],"15":[1,7],"16":[8,7,7],"17":[1,4],"18":[1,3],"19":[4,2]},"meta":{"lastBranch":20,"lastFunction":16,"lastStatement":70,"seen":{"s:22:63:22:Infinity":0,"s:27:5:35:Infinity":1,"f:41:16:41:Infinity":0,"s:44:2:44:Infinity":2,"f:44:37:44:43":1,"s:44:54:44:76":3,"f:47:16:47:30":2,"s:48:14:48:Infinity":4,"s:49:2:51:Infinity":5,"f:54:16:54:30":3,"s:55:2:55:Infinity":6,"f:58:16:58:31":4,"b:59:2:61:Infinity:undefined:undefined:undefined:undefined":0,"s:59:2:61:Infinity":7,"b:59:6:59:16:59:16:59:52":1,"s:60:4:60:Infinity":8,"s:63:29:63:Infinity":9,"s:64:17:64:Infinity":10,"b:66:2:72:Infinity:undefined:undefined:undefined:undefined":2,"s:66:2:72:Infinity":11,"b:67:4:67:Infinity:68:4:68:Infinity:69:4:69:Infinity":3,"s:71:4:71:Infinity":12,"s:74:2:74:Infinity":13,"f:77:9:77:20":5,"s:78:15:78:Infinity":14,"s:79:2:79:Infinity":15,"s:80:2:80:Infinity":16,"f:83:9:83:27":6,"s:84:2:84:Infinity":17,"f:87:9:87:22":7,"s:88:15:88:Infinity":18,"s:89:16:89:Infinity":19,"s:90:14:90:Infinity":20,"s:91:15:91:Infinity":21,"s:92:17:92:Infinity":22,"s:93:2:93:Infinity":23,"s:94:2:94:Infinity":24,"f:97:9:97:21":8,"s:98:15:98:Infinity":25,"s:99:16:99:Infinity":26,"s:100:14:100:Infinity":27,"s:101:15:101:Infinity":28,"s:102:17:102:Infinity":29,"s:103:2:103:Infinity":30,"s:104:2:104:Infinity":31,"f:107:16:107:Infinity":9,"b:109:10:109:Infinity":4,"b:114:4:118:Infinity:119:4:123:Infinity:124:4:128:Infinity:129:4:134:Infinity:135:4:141:Infinity:142:4:143:Infinity:144:4:144:Infinity:145:4:149:Infinity":5,"s:113:2:150:Infinity":32,"s:115:6:118:Infinity":33,"s:120:6:123:Infinity":34,"s:125:6:128:Infinity":35,"s:130:6:134:Infinity":36,"s:136:23:136:Infinity":37,"s:137:6:140:Infinity":38,"s:143:6:143:Infinity":39,"s:146:6:149:Infinity":40,"f:153:16:153:Infinity":10,"s:157:19:157:Infinity":41,"s:158:17:158:Infinity":42,"b:160:2:162:Infinity:undefined:undefined:undefined:undefined":6,"s:160:2:162:Infinity":43,"b:160:6:160:19:160:19:160:30:160:30:160:49":7,"s:161:4:161:Infinity":44,"s:164:2:167:Infinity":45,"f:170:16:170:Infinity":11,"b:174:24:174:Infinity":8,"b:175:25:175:Infinity":9,"b:176:12:176:Infinity":10,"b:179:2:181:Infinity:undefined:undefined:undefined:undefined":11,"s:179:2:181:Infinity":46,"b:179:6:179:15:179:15:179:20":12,"s:180:4:180:Infinity":47,"s:183:16:183:Infinity":48,"b:184:2:186:Infinity:undefined:undefined:undefined:undefined":13,"s:184:2:186:Infinity":49,"s:185:4:185:Infinity":50,"b:188:2:190:Infinity:undefined:undefined:undefined:undefined":14,"s:188:2:190:Infinity":51,"s:189:4:189:Infinity":52,"s:192:2:192:Infinity":53,"f:195:16:195:37":12,"s:196:19:196:Infinity":54,"s:197:17:197:Infinity":55,"b:199:2:201:Infinity:undefined:undefined:undefined:undefined":15,"s:199:2:201:Infinity":56,"b:199:6:199:19:199:19:199:30:199:30:199:49":16,"s:200:4:200:Infinity":57,"s:203:2:203:Infinity":58,"f:206:16:206:Infinity":13,"s:209:22:212:Infinity":59,"b:214:2:220:Infinity:undefined:undefined:undefined:undefined":17,"s:214:2:220:Infinity":60,"s:215:4:219:Infinity":61,"s:222:20:222:Infinity":62,"b:223:2:229:Infinity:undefined:undefined:undefined:undefined":18,"s:223:2:229:Infinity":63,"b:223:6:223:41:223:41:223:65":19,"s:224:4:228:Infinity":64,"s:231:2:235:Infinity":65,"f:238:16:238:32":14,"s:239:2:239:Infinity":66,"f:249:16:249:41":15,"s:250:21:250:Infinity":67,"s:251:2:251:Infinity":68,"s:252:2:252:Infinity":69}}}
,"/Volumes/ExternalSSD/Code/GitHub/git-all/src/lib/faq.ts": {"path":"/Volumes/ExternalSSD/Code/GitHub/git-all/src/lib/faq.ts","statementMap":{"0":{"start":{"line":1,"column":25},"end":{"line":29,"column":null}}},"fnMap":{},"branchMap":{},"s":{"0":0},"f":{},"b":{},"meta":{"lastBranch":0,"lastFunction":0,"lastStatement":1,"seen":{"s:1:25:29:Infinity":0}}}
,"/Volumes/ExternalSSD/Code/GitHub/git-all/src/lib/gitea.ts": {"path":"/Volumes/ExternalSSD/Code/GitHub/git-all/src/lib/gitea.ts","statementMap":{"0":{"start":{"line":1,"column":42},"end":{"line":1,"column":null}},"1":{"start":{"line":3,"column":37},"end":{"line":6,"column":null}},"2":{"start":{"line":8,"column":43},"end":{"line":8,"column":null}},"3":{"start":{"line":11,"column":18},"end":{"line":11,"column":null}},"4":{"start":{"line":12,"column":2},"end":{"line":12,"column":null}},"5":{"start":{"line":12,"column":16},"end":{"line":12,"column":null}},"6":{"start":{"line":14,"column":2},"end":{"line":25,"column":null}},"7":{"start":{"line":15,"column":19},"end":{"line":15,"column":null}},"8":{"start":{"line":16,"column":4},"end":{"line":18,"column":null}},"9":{"start":{"line":17,"column":6},"end":{"line":17,"column":null}},"10":{"start":{"line":19,"column":4},"end":{"line":19,"column":null}},"11":{"start":{"line":20,"column":4},"end":{"line":20,"column":null}},"12":{"start":{"line":21,"column":4},"end":{"line":21,"column":null}},"13":{"start":{"line":22,"column":4},"end":{"line":22,"column":null}},"14":{"start":{"line":24,"column":4},"end":{"line":24,"column":null}},"15":{"start":{"line":29,"column":2},"end":{"line":29,"column":null}},"16":{"start":{"line":29,"column":20},"end":{"line":29,"column":null}},"17":{"start":{"line":31,"column":16},"end":{"line":33,"column":null}},"18":{"start":{"line":32,"column":18},"end":{"line":32,"column":null}},"19":{"start":{"line":34,"column":2},"end":{"line":34,"column":null}},"20":{"start":{"line":34,"column":13},"end":{"line":34,"column":null}},"21":{"start":{"line":36,"column":2},"end":{"line":40,"column":null}},"22":{"start":{"line":37,"column":4},"end":{"line":37,"column":null}},"23":{"start":{"line":39,"column":4},"end":{"line":39,"column":null}}},"fnMap":{"0":{"name":"normalizeInstanceUrl","decl":{"start":{"line":10,"column":16},"end":{"line":10,"column":37}},"loc":{"start":{"line":10,"column":52},"end":{"line":26,"column":null}},"line":10},"1":{"name":"getInstanceName","decl":{"start":{"line":28,"column":16},"end":{"line":28,"column":32}},"loc":{"start":{"line":28,"column":65},"end":{"line":41,"column":null}},"line":28},"2":{"name":"(anonymous_2)","decl":{"start":{"line":31,"column":38},"end":{"line":31,"column":null}},"loc":{"start":{"line":32,"column":18},"end":{"line":32,"column":null}},"line":32}},"branchMap":{"0":{"loc":{"start":{"line":12,"column":2},"end":{"line":12,"column":null}},"type":"if","locations":[{"start":{"line":12,"column":2},"end":{"line":12,"column":null}},{"start":{},"end":{}}],"line":12},"1":{"loc":{"start":{"line":16,"column":4},"end":{"line":18,"column":null}},"type":"if","locations":[{"start":{"line":16,"column":4},"end":{"line":18,"column":null}},{"start":{},"end":{}}],"line":16},"2":{"loc":{"start":{"line":16,"column":8},"end":{"line":16,"column":69}},"type":"binary-expr","locations":[{"start":{"line":16,"column":8},"end":{"line":16,"column":39}},{"start":{"line":16,"column":39},"end":{"line":16,"column":69}}],"line":16},"3":{"loc":{"start":{"line":29,"column":2},"end":{"line":29,"column":null}},"type":"if","locations":[{"start":{"line":29,"column":2},"end":{"line":29,"column":null}},{"start":{},"end":{}}],"line":29},"4":{"loc":{"start":{"line":34,"column":2},"end":{"line":34,"column":null}},"type":"if","locations":[{"start":{"line":34,"column":2},"end":{"line":34,"column":null}},{"start":{},"end":{}}],"line":34}},"s":{"0":1,"1":1,"2":1,"3":13,"4":13,"5":2,"6":11,"7":11,"8":11,"9":2,"10":7,"11":7,"12":7,"13":7,"14":2,"15":9,"16":2,"17":7,"18":12,"19":7,"20":4,"21":3,"22":3,"23":1},"f":{"0":13,"1":9,"2":12},"b":{"0":[2,11],"1":[2,9],"2":[11,8],"3":[2,7],"4":[4,3]},"meta":{"lastBranch":5,"lastFunction":3,"lastStatement":24,"seen":{"s:1:42:1:Infinity":0,"s:3:37:6:Infinity":1,"s:8:43:8:Infinity":2,"f:10:16:10:37":0,"s:11:18:11:Infinity":3,"b:12:2:12:Infinity:undefined:undefined:undefined:undefined":0,"s:12:2:12:Infinity":4,"s:12:16:12:Infinity":5,"s:14:2:25:Infinity":6,"s:15:19:15:Infinity":7,"b:16:4:18:Infinity:undefined:undefined:undefined:undefined":1,"s:16:4:18:Infinity":8,"b:16:8:16:39:16:39:16:69":2,"s:17:6:17:Infinity":9,"s:19:4:19:Infinity":10,"s:20:4:20:Infinity":11,"s:21:4:21:Infinity":12,"s:22:4:22:Infinity":13,"s:24:4:24:Infinity":14,"f:28:16:28:32":1,"b:29:2:29:Infinity:undefined:undefined:undefined:undefined":3,"s:29:2:29:Infinity":15,"s:29:20:29:Infinity":16,"s:31:16:33:Infinity":17,"f:31:38:31:Infinity":2,"s:32:18:32:Infinity":18,"b:34:2:34:Infinity:undefined:undefined:undefined:undefined":4,"s:34:2:34:Infinity":19,"s:34:13:34:Infinity":20,"s:36:2:40:Infinity":21,"s:37:4:37:Infinity":22,"s:39:4:39:Infinity":23}}}
,"/Volumes/ExternalSSD/Code/GitHub/git-all/src/lib/placeholder-names.ts": {"path":"/Volumes/ExternalSSD/Code/GitHub/git-all/src/lib/placeholder-names.ts","statementMap":{"0":{"start":{"line":1,"column":45},"end":{"line":72,"column":null}},"1":{"start":{"line":74,"column":40},"end":{"line":145,"column":null}},"2":{"start":{"line":148,"column":14},"end":{"line":148,"column":null}},"3":{"start":{"line":149,"column":15},"end":{"line":149,"column":null}},"4":{"start":{"line":150,"column":2},"end":{"line":150,"column":null}},"5":{"start":{"line":154,"column":28},"end":{"line":154,"column":null}},"6":{"start":{"line":155,"column":15},"end":{"line":155,"column":null}},"7":{"start":{"line":156,"column":23},"end":{"line":156,"column":null}},"8":{"start":{"line":157,"column":17},"end":{"line":157,"column":null}},"9":{"start":{"line":159,"column":2},"end":{"line":166,"column":null}},"10":{"start":{"line":160,"column":17},"end":{"line":160,"column":null}},"11":{"start":{"line":161,"column":4},"end":{"line":164,"column":null}},"12":{"start":{"line":162,"column":6},"end":{"line":162,"column":null}},"13":{"start":{"line":163,"column":6},"end":{"line":163,"column":null}},"14":{"start":{"line":165,"column":4},"end":{"line":165,"column":null}},"15":{"start":{"line":169,"column":2},"end":{"line":171,"column":null}},"16":{"start":{"line":170,"column":4},"end":{"line":170,"column":null}},"17":{"start":{"line":173,"column":2},"end":{"line":173,"column":null}}},"fnMap":{"0":{"name":"generatePlaceholderName","decl":{"start":{"line":147,"column":16},"end":{"line":147,"column":50}},"loc":{"start":{"line":147,"column":50},"end":{"line":151,"column":null}},"line":147},"1":{"name":"generatePlaceholderNames","decl":{"start":{"line":153,"column":16},"end":{"line":153,"column":41}},"loc":{"start":{"line":153,"column":66},"end":{"line":174,"column":null}},"line":153}},"branchMap":{"0":{"loc":{"start":{"line":159,"column":9},"end":{"line":159,"column":59}},"type":"binary-expr","locations":[{"start":{"line":159,"column":9},"end":{"line":159,"column":35}},{"start":{"line":159,"column":35},"end":{"line":159,"column":59}}],"line":159},"1":{"loc":{"start":{"line":161,"column":4},"end":{"line":164,"column":null}},"type":"if","locations":[{"start":{"line":161,"column":4},"end":{"line":164,"column":null}},{"start":{},"end":{}}],"line":161}},"s":{"0":1,"1":1,"2":2602,"3":2602,"4":2602,"5":8,"6":8,"7":8,"8":8,"9":8,"10":2581,"11":2581,"12":2028,"13":2028,"14":2581,"15":8,"16":3007,"17":8},"f":{"0":2602,"1":8},"b":{"0":[8,2582],"1":[2028,553]},"meta":{"lastBranch":2,"lastFunction":2,"lastStatement":18,"seen":{"s:1:45:72:Infinity":0,"s:74:40:145:Infinity":1,"f:147:16:147:50":0,"s:148:14:148:Infinity":2,"s:149:15:149:Infinity":3,"s:150:2:150:Infinity":4,"f:153:16:153:41":1,"s:154:28:154:Infinity":5,"s:155:15:155:Infinity":6,"s:156:23:156:Infinity":7,"s:157:17:157:Infinity":8,"s:159:2:166:Infinity":9,"b:159:9:159:35:159:35:159:59":0,"s:160:17:160:Infinity":10,"b:161:4:164:Infinity:undefined:undefined:undefined:undefined":1,"s:161:4:164:Infinity":11,"s:162:6:162:Infinity":12,"s:163:6:163:Infinity":13,"s:165:4:165:Infinity":14,"s:169:2:171:Infinity":15,"s:170:4:170:Infinity":16,"s:173:2:173:Infinity":17}}}
,"/Volumes/ExternalSSD/Code/GitHub/git-all/src/lib/types.ts": {"path":"/Volumes/ExternalSSD/Code/GitHub/git-all/src/lib/types.ts","statementMap":{},"fnMap":{},"branchMap":{},"s":{},"f":{},"b":{},"meta":{"lastBranch":0,"lastFunction":0,"lastStatement":0,"seen":{}}}
}
